Namespace(batch_size=512, checkpoint_dir='train-coat3211-node03-dev7', drop_ratio=0, emb_dim=256, epochs=120, gnn='coat3211', graph_pooling='sum', log_dir='', num_layers=4, num_workers=4, save_test_dir='train-coat3211-node03-dev7', warmups=20)
##params[conv]: 864768
##params[virt]: 213760
##params[att]: 221952
##params[conv]: 864768
##params[virt]: 213760
##params[att]: 221952
##params[conv]: 864768
##params[virt]: 213760
##params[att]: 221952
##params[conv]: 864768
##params[virt]: 213760
##params[att]: 221952
#params: 6395393
=====Epoch 0
Training...
Evaluating...
#summary: 0.6322 0.4382 3.00e-07
Saving checkpoint...
Saving test submission file...
Best validation MAE so far: 0.43821805715560913
=====Epoch 1
Training...
Evaluating...
#summary: 0.1776 0.1530 6.00e-04
Saving checkpoint...
Saving test submission file...
Best validation MAE so far: 0.15298761427402496
=====Epoch 2
Training...
Evaluating...
#summary: 0.1381 0.1432 1.20e-03
Saving checkpoint...
Saving test submission file...
Best validation MAE so far: 0.1432490199804306
=====Epoch 3
Training...
Evaluating...
#summary: 0.1309 0.1363 1.80e-03
Saving checkpoint...
Saving test submission file...
Best validation MAE so far: 0.1363007128238678
=====Epoch 4
Training...
Evaluating...
#summary: 0.1329 0.1413 3.00e-03
Best validation MAE so far: 0.1363007128238678
=====Epoch 5
Training...
Evaluating...
#summary: 0.1258 0.1329 3.00e-03
Saving checkpoint...
Saving test submission file...
Best validation MAE so far: 0.1328563243150711
=====Epoch 6
Training...
Evaluating...
#summary: 0.1220 0.1295 3.00e-03
Saving checkpoint...
Saving test submission file...
Best validation MAE so far: 0.12950991094112396
=====Epoch 7
Training...
Evaluating...
#summary: 0.1196 0.1295 3.00e-03
Saving checkpoint...
Saving test submission file...
Best validation MAE so far: 0.1295008808374405
=====Epoch 8
Training...
Evaluating...
#summary: 0.1179 0.1285 3.00e-03
Saving checkpoint...
Saving test submission file...
Best validation MAE so far: 0.12847591936588287
=====Epoch 9
Training...
Evaluating...
#summary: 0.1166 0.1264 3.00e-03
Saving checkpoint...
Saving test submission file...
Best validation MAE so far: 0.12637534737586975
=====Epoch 10
Training...
Evaluating...
#summary: 0.1157 0.1237 3.00e-03
Saving checkpoint...
Saving test submission file...
Best validation MAE so far: 0.12366939336061478
=====Epoch 11
Training...
Evaluating...
#summary: 0.1147 0.1246 3.00e-03
Best validation MAE so far: 0.12366939336061478
=====Epoch 12
Training...
Evaluating...
#summary: 0.1140 0.1230 3.00e-03
Saving checkpoint...
Saving test submission file...
Best validation MAE so far: 0.12296801805496216
=====Epoch 13
Training...
Evaluating...
#summary: 0.1135 0.1222 3.00e-03
Saving checkpoint...
Saving test submission file...
Best validation MAE so far: 0.12221202254295349
=====Epoch 14
Training...
Evaluating...
#summary: 0.1129 0.1213 3.00e-03
Saving checkpoint...
Saving test submission file...
Best validation MAE so far: 0.12133152782917023
=====Epoch 15
Training...
Evaluating...
#summary: 0.1125 0.1230 3.00e-03
Best validation MAE so far: 0.12133152782917023
=====Epoch 16
Training...
Evaluating...
#summary: 0.1119 0.1241 3.00e-03
Best validation MAE so far: 0.12133152782917023
=====Epoch 17
Training...
Evaluating...
#summary: 0.1117 0.1226 3.00e-03
Best validation MAE so far: 0.12133152782917023
=====Epoch 18
Training...
Evaluating...
#summary: 0.1113 0.1187 3.00e-03
Saving checkpoint...
Saving test submission file...
Best validation MAE so far: 0.11874083429574966
=====Epoch 19
Training...
Evaluating...
#summary: 0.1110 0.1194 3.00e-03
Best validation MAE so far: 0.11874083429574966
=====Epoch 20
Training...
Evaluating...
#summary: 0.1108 0.1274 3.00e-03
Best validation MAE so far: 0.11874083429574966
=====Epoch 21
Training...
Evaluating...
#summary: 0.1096 0.1210 2.86e-03
Best validation MAE so far: 0.11874083429574966
=====Epoch 22
Training...
Evaluating...
#summary: 0.1085 0.1192 2.74e-03
Best validation MAE so far: 0.11874083429574966
=====Epoch 23
Training...
Evaluating...
#summary: 0.1075 0.1155 2.61e-03
Saving checkpoint...
Saving test submission file...
Best validation MAE so far: 0.11554679274559021
=====Epoch 24
Training...
Evaluating...
#summary: 0.1064 0.1146 2.50e-03
Saving checkpoint...
Saving test submission file...
Best validation MAE so far: 0.11457552760839462
=====Epoch 25
Training...
Evaluating...
#summary: 0.1056 0.1155 2.38e-03
Best validation MAE so far: 0.11457552760839462
=====Epoch 26
Training...
Evaluating...
#summary: 0.1045 0.1135 2.28e-03
Saving checkpoint...
Saving test submission file...
Best validation MAE so far: 0.11349010467529297
=====Epoch 27
Training...
Evaluating...
#summary: 0.1037 0.1116 2.17e-03
Saving checkpoint...
Saving test submission file...
Best validation MAE so far: 0.11163105815649033
=====Epoch 28
Training...
Evaluating...
#summary: 0.1029 0.1117 2.08e-03
Best validation MAE so far: 0.11163105815649033
=====Epoch 29
Training...
Evaluating...
#summary: 0.1022 0.1109 1.98e-03
Saving checkpoint...
Saving test submission file...
Best validation MAE so far: 0.11094051599502563
=====Epoch 30
Training...
Evaluating...
#summary: 0.1012 0.1102 1.89e-03
Saving checkpoint...
Saving test submission file...
Best validation MAE so far: 0.11016075313091278
=====Epoch 31
Training...
Evaluating...
#summary: 0.1004 0.1117 1.81e-03
Best validation MAE so far: 0.11016075313091278
=====Epoch 32
Training...
Evaluating...
#summary: 0.0995 0.1102 1.73e-03
Best validation MAE so far: 0.11016075313091278
=====Epoch 33
Training...
Evaluating...
#summary: 0.0987 0.1083 1.65e-03
Saving checkpoint...
Saving test submission file...
Best validation MAE so far: 0.10833342373371124
=====Epoch 34
Training...
Evaluating...
#summary: 0.0981 0.1073 1.57e-03
Saving checkpoint...
Saving test submission file...
Best validation MAE so far: 0.10727566480636597
=====Epoch 35
Training...
Evaluating...
#summary: 0.0973 0.1079 1.50e-03
Best validation MAE so far: 0.10727566480636597
=====Epoch 36
Training...
Evaluating...
#summary: 0.0965 0.1059 1.44e-03
Saving checkpoint...
Saving test submission file...
Best validation MAE so far: 0.10588513314723969
=====Epoch 37
Training...
Evaluating...
#summary: 0.0958 0.1053 1.37e-03
Saving checkpoint...
Saving test submission file...
Best validation MAE so far: 0.10527626425027847
=====Epoch 38
Training...
Evaluating...
#summary: 0.0951 0.1036 1.31e-03
Saving checkpoint...
Saving test submission file...
Best validation MAE so far: 0.10357692092657089
=====Epoch 39
Training...
Evaluating...
#summary: 0.0944 0.1055 1.25e-03
Best validation MAE so far: 0.10357692092657089
=====Epoch 40
Training...
Evaluating...
#summary: 0.0937 0.1037 1.19e-03
Best validation MAE so far: 0.10357692092657089
=====Epoch 41
Training...
Evaluating...
#summary: 0.0930 0.1030 1.14e-03
Saving checkpoint...
Saving test submission file...
Best validation MAE so far: 0.10295547544956207
=====Epoch 42
Training...
Evaluating...
#summary: 0.0923 0.1031 1.09e-03
Best validation MAE so far: 0.10295547544956207
=====Epoch 43
Training...
Evaluating...
#summary: 0.0917 0.1017 1.04e-03
Saving checkpoint...
Saving test submission file...
Best validation MAE so far: 0.10167337208986282
=====Epoch 44
Training...
Evaluating...
#summary: 0.0909 0.1024 9.93e-04
Best validation MAE so far: 0.10167337208986282
=====Epoch 45
Training...
Evaluating...
#summary: 0.0904 0.1011 9.49e-04
Saving checkpoint...
Saving test submission file...
Best validation MAE so far: 0.10113705694675446
=====Epoch 46
Training...
Evaluating...
#summary: 0.0897 0.0993 9.06e-04
Saving checkpoint...
Saving test submission file...
Best validation MAE so far: 0.09925001114606857
=====Epoch 47
Training...
Evaluating...
#summary: 0.0890 0.0999 8.65e-04
Best validation MAE so far: 0.09925001114606857
=====Epoch 48
Training...
Evaluating...
#summary: 0.0884 0.0990 8.26e-04
Saving checkpoint...
Saving test submission file...
Best validation MAE so far: 0.09896344691514969
=====Epoch 49
Training...
Evaluating...
#summary: 0.0878 0.0984 7.89e-04
Saving checkpoint...
Saving test submission file...
Best validation MAE so far: 0.09836315363645554
=====Epoch 50
Training...
Evaluating...
#summary: 0.0872 0.0986 7.54e-04
Best validation MAE so far: 0.09836315363645554
=====Epoch 51
Training...
Evaluating...
#summary: 0.0865 0.0974 7.20e-04
Saving checkpoint...
Saving test submission file...
Best validation MAE so far: 0.09742710739374161
=====Epoch 52
Training...
Evaluating...
#summary: 0.0860 0.0980 6.87e-04
Best validation MAE so far: 0.09742710739374161
=====Epoch 53
Training...
Evaluating...
#summary: 0.0854 0.0967 6.56e-04
Saving checkpoint...
Saving test submission file...
Best validation MAE so far: 0.09666211903095245
=====Epoch 54
Training...
Evaluating...
#summary: 0.0847 0.0970 6.27e-04
Best validation MAE so far: 0.09666211903095245
=====Epoch 55
Training...
Evaluating...
#summary: 0.0841 0.0960 5.99e-04
Saving checkpoint...
Saving test submission file...
Best validation MAE so far: 0.09604638814926147
=====Epoch 56
Training...
Evaluating...
#summary: 0.0835 0.0966 5.72e-04
Best validation MAE so far: 0.09604638814926147
=====Epoch 57
Training...
Evaluating...
#summary: 0.0829 0.0960 5.46e-04
Saving checkpoint...
Saving test submission file...
Best validation MAE so far: 0.09598906338214874
=====Epoch 58
Training...
Evaluating...
#summary: 0.0824 0.0953 5.21e-04
Saving checkpoint...
Saving test submission file...
Best validation MAE so far: 0.09530908614397049
=====Epoch 59
Training...
Evaluating...
#summary: 0.0817 0.0951 4.98e-04
Saving checkpoint...
Saving test submission file...
Best validation MAE so far: 0.09509624540805817
=====Epoch 60
Training...
Evaluating...
#summary: 0.0812 0.0942 4.75e-04
Saving checkpoint...
Saving test submission file...
Best validation MAE so far: 0.0942334309220314
=====Epoch 61
Training...
Evaluating...
#summary: 0.0806 0.0946 4.54e-04
Best validation MAE so far: 0.0942334309220314
=====Epoch 62
Training...
Evaluating...
#summary: 0.0800 0.0938 4.34e-04
Saving checkpoint...
Saving test submission file...
Best validation MAE so far: 0.09384091943502426
=====Epoch 63
Training...
Evaluating...
#summary: 0.0795 0.0938 4.14e-04
Saving checkpoint...
Saving test submission file...
Best validation MAE so far: 0.09375088661909103
=====Epoch 64
Training...
Evaluating...
#summary: 0.0789 0.0936 3.95e-04
Saving checkpoint...
Saving test submission file...
Best validation MAE so far: 0.09364611655473709
=====Epoch 65
Training...
Evaluating...
#summary: 0.0783 0.0933 3.78e-04
Saving checkpoint...
Saving test submission file...
Best validation MAE so far: 0.09327474981546402
=====Epoch 66
Training...
Evaluating...
#summary: 0.0778 0.0932 3.61e-04
Saving checkpoint...
Saving test submission file...
Best validation MAE so far: 0.09317812323570251
=====Epoch 67
Training...
Evaluating...
#summary: 0.0772 0.0928 3.44e-04
Saving checkpoint...
Saving test submission file...
Best validation MAE so far: 0.09284061193466187
=====Epoch 68
Training...
Evaluating...
#summary: 0.0767 0.0933 3.29e-04
Best validation MAE so far: 0.09284061193466187
=====Epoch 69
Training...
Evaluating...
#summary: 0.0762 0.0927 3.14e-04
Saving checkpoint...
Saving test submission file...
Best validation MAE so far: 0.09271743893623352
=====Epoch 70
Training...
Evaluating...
#summary: 0.0756 0.0929 3.00e-04
Best validation MAE so far: 0.09271743893623352
=====Epoch 71
Training...
Evaluating...
#summary: 0.0751 0.0925 2.86e-04
Saving checkpoint...
Saving test submission file...
Best validation MAE so far: 0.09248735010623932
=====Epoch 72
Training...
Evaluating...
#summary: 0.0745 0.0923 2.74e-04
Saving checkpoint...
Saving test submission file...
Best validation MAE so far: 0.09229858964681625
=====Epoch 73
Training...
Evaluating...
#summary: 0.0740 0.0924 2.61e-04
Best validation MAE so far: 0.09229858964681625
=====Epoch 74
Training...
Evaluating...
#summary: 0.0735 0.0920 2.50e-04
Saving checkpoint...
Saving test submission file...
Best validation MAE so far: 0.09197809547185898
=====Epoch 75
Training...
Evaluating...
#summary: 0.0730 0.0916 2.38e-04
Saving checkpoint...
Saving test submission file...
Best validation MAE so far: 0.09159525483846664
=====Epoch 76
Training...
Evaluating...
#summary: 0.0725 0.0915 2.28e-04
Saving checkpoint...
Saving test submission file...
Best validation MAE so far: 0.09147798269987106
=====Epoch 77
Training...
Evaluating...
#summary: 0.0719 0.0913 2.17e-04
Saving checkpoint...
Saving test submission file...
Best validation MAE so far: 0.09132988005876541
=====Epoch 78
Training...
Evaluating...
#summary: 0.0714 0.0913 2.08e-04
Saving checkpoint...
Saving test submission file...
Best validation MAE so far: 0.0913250669836998
=====Epoch 79
Training...
Evaluating...
#summary: 0.0709 0.0909 1.98e-04
Saving checkpoint...
Saving test submission file...
Best validation MAE so far: 0.09085170924663544
=====Epoch 80
Training...
Evaluating...
#summary: 0.0704 0.0910 1.89e-04
Best validation MAE so far: 0.09085170924663544
=====Epoch 81
Training...
Evaluating...
#summary: 0.0699 0.0907 1.81e-04
Saving checkpoint...
Saving test submission file...
Best validation MAE so far: 0.09067263454198837
=====Epoch 82
Training...
Evaluating...
#summary: 0.0694 0.0912 1.73e-04
Best validation MAE so far: 0.09067263454198837
=====Epoch 83
Training...
Evaluating...
#summary: 0.0689 0.0912 1.65e-04
Best validation MAE so far: 0.09067263454198837
=====Epoch 84
Training...
Evaluating...
#summary: 0.0684 0.0909 1.57e-04
Best validation MAE so far: 0.09067263454198837
=====Epoch 85
Training...
Evaluating...
#summary: 0.0680 0.0904 1.50e-04
Saving checkpoint...
Saving test submission file...
Best validation MAE so far: 0.09039665013551712
=====Epoch 86
Training...
Evaluating...
#summary: 0.0675 0.0909 1.44e-04
Best validation MAE so far: 0.09039665013551712
=====Epoch 87
Training...
Evaluating...
#summary: 0.0670 0.0908 1.37e-04
Best validation MAE so far: 0.09039665013551712
=====Epoch 88
Training...
Evaluating...
#summary: 0.0665 0.0906 1.31e-04
Best validation MAE so far: 0.09039665013551712
=====Epoch 89
Training...
Evaluating...
#summary: 0.0661 0.0907 1.25e-04
Best validation MAE so far: 0.09039665013551712
=====Epoch 90
Training...
Evaluating...
#summary: 0.0657 0.0904 1.19e-04
Best validation MAE so far: 0.09039665013551712
=====Epoch 91
Training...
Evaluating...
#summary: 0.0652 0.0903 1.14e-04
Saving checkpoint...
Saving test submission file...
Best validation MAE so far: 0.09025514870882034
=====Epoch 92
Training...
Evaluating...
#summary: 0.0647 0.0905 1.09e-04
Best validation MAE so far: 0.09025514870882034
=====Epoch 93
Training...
Evaluating...
#summary: 0.0643 0.0903 1.04e-04
Best validation MAE so far: 0.09025514870882034
=====Epoch 94
Training...
Evaluating...
#summary: 0.0639 0.0905 9.93e-05
Best validation MAE so far: 0.09025514870882034
=====Epoch 95
Training...
Evaluating...
#summary: 0.0634 0.0906 9.49e-05
Best validation MAE so far: 0.09025514870882034
=====Epoch 96
Training...
Evaluating...
#summary: 0.0630 0.0904 9.06e-05
Best validation MAE so far: 0.09025514870882034
=====Epoch 97
Training...
Evaluating...
#summary: 0.0626 0.0906 8.65e-05
Best validation MAE so far: 0.09025514870882034
=====Epoch 98
Training...
Evaluating...
#summary: 0.0622 0.0904 8.26e-05
Best validation MAE so far: 0.09025514870882034
=====Epoch 99
Training...
Evaluating...
#summary: 0.0618 0.0901 7.89e-05
Saving checkpoint...
Saving test submission file...
Best validation MAE so far: 0.09008533507585526
=====Epoch 100
Training...
Evaluating...
#summary: 0.0614 0.0903 7.54e-05
Best validation MAE so far: 0.09008533507585526
=====Epoch 101
Training...
Evaluating...
#summary: 0.0610 0.0904 7.20e-05
Best validation MAE so far: 0.09008533507585526
=====Epoch 102
Training...
Evaluating...
#summary: 0.0606 0.0902 6.87e-05
Best validation MAE so far: 0.09008533507585526
=====Epoch 103
Training...
Evaluating...
#summary: 0.0603 0.0901 6.56e-05
Saving checkpoint...
Saving test submission file...
Best validation MAE so far: 0.09005557000637054
=====Epoch 104
Training...
Evaluating...
#summary: 0.0599 0.0903 6.27e-05
Best validation MAE so far: 0.09005557000637054
=====Epoch 105
Training...
Evaluating...
#summary: 0.0595 0.0903 5.99e-05
Best validation MAE so far: 0.09005557000637054
=====Epoch 106
Training...
Evaluating...
#summary: 0.0592 0.0905 5.72e-05
Best validation MAE so far: 0.09005557000637054
=====Epoch 107
Training...
Evaluating...
#summary: 0.0588 0.0904 5.46e-05
Best validation MAE so far: 0.09005557000637054
=====Epoch 108
Training...
Evaluating...
#summary: 0.0585 0.0903 5.21e-05
Best validation MAE so far: 0.09005557000637054
=====Epoch 109
Training...
Evaluating...
#summary: 0.0581 0.0903 4.98e-05
Best validation MAE so far: 0.09005557000637054
=====Epoch 110
Training...
Evaluating...
#summary: 0.0578 0.0905 4.75e-05
Best validation MAE so far: 0.09005557000637054
=====Epoch 111
Training...
Evaluating...
#summary: 0.0575 0.0903 4.54e-05
Best validation MAE so far: 0.09005557000637054
=====Epoch 112
Training...
Evaluating...
#summary: 0.0571 0.0903 4.34e-05
Best validation MAE so far: 0.09005557000637054
=====Epoch 113
Training...
Evaluating...
#summary: 0.0568 0.0908 4.14e-05
Best validation MAE so far: 0.09005557000637054
=====Epoch 114
Training...
Evaluating...
#summary: 0.0565 0.0905 3.95e-05
Best validation MAE so far: 0.09005557000637054
=====Epoch 115
Training...
Evaluating...
#summary: 0.0562 0.0905 3.78e-05
Best validation MAE so far: 0.09005557000637054
=====Epoch 116
Training...
Evaluating...
#summary: 0.0559 0.0905 3.61e-05
Best validation MAE so far: 0.09005557000637054
=====Epoch 117
Training...
Evaluating...
#summary: 0.0556 0.0905 3.44e-05
Best validation MAE so far: 0.09005557000637054
=====Epoch 118
Training...
Evaluating...
#summary: 0.0554 0.0906 3.29e-05
Best validation MAE so far: 0.09005557000637054
=====Epoch 119
Training...
Evaluating...
#summary: 0.0551 0.0905 3.14e-05
Best validation MAE so far: 0.09005557000637054
=====Epoch 120
Training...
Evaluating...
#summary: 0.0548 0.0908 3.00e-05
Best validation MAE so far: 0.09005557000637054
=====Epoch 121
Training...
Evaluating...
#summary: 0.0546 0.0907 2.86e-05
Best validation MAE so far: 0.09005557000637054
=====Epoch 122
Training...
Evaluating...
#summary: 0.0543 0.0907 2.74e-05
Best validation MAE so far: 0.09005557000637054
=====Epoch 123
Training...
Evaluating...
#summary: 0.0540 0.0908 2.61e-05
Best validation MAE so far: 0.09005557000637054
=====Epoch 124
Training...
Evaluating...
#summary: 0.0538 0.0908 2.50e-05
Best validation MAE so far: 0.09005557000637054
=====Epoch 125
Training...
Evaluating...
#summary: 0.0536 0.0910 2.38e-05
Best validation MAE so far: 0.09005557000637054
=====Epoch 126
Training...
Evaluating...
#summary: 0.0534 0.0907 2.28e-05
Best validation MAE so far: 0.09005557000637054
=====Epoch 127
Training...
Evaluating...
#summary: 0.0531 0.0910 2.17e-05
Best validation MAE so far: 0.09005557000637054
=====Epoch 128
Training...
Evaluating...
#summary: 0.0529 0.0909 2.08e-05
Best validation MAE so far: 0.09005557000637054
=====Epoch 129
Training...
Evaluating...
#summary: 0.0527 0.0909 1.98e-05
Best validation MAE so far: 0.09005557000637054
=====Epoch 130
Training...
Evaluating...
#summary: 0.0525 0.0910 1.89e-05
Best validation MAE so far: 0.09005557000637054
=====Epoch 131
Training...
Evaluating...
#summary: 0.0523 0.0911 1.81e-05
Best validation MAE so far: 0.09005557000637054
