Namespace(batch_size=512, checkpoint_dir='train-coat3211-node01-dev7', drop_ratio=0, emb_dim=256, epochs=120, gnn='coat3211', graph_pooling='sum', log_dir='', num_layers=4, num_workers=4, save_test_dir='train-coat3211-node01-dev7', warmups=20)
##params[conv]: 864768
##params[virt]: 213760
##params[att]: 221952
##params[conv]: 864768
##params[virt]: 213760
##params[att]: 221952
##params[conv]: 864768
##params[virt]: 213760
##params[att]: 221952
##params[conv]: 864768
##params[virt]: 213760
##params[att]: 221952
#params: 6395393
=====Epoch 0
Training...
Evaluating...
#summary: 0.6256 0.4365 3.00e-07
Saving checkpoint...
Saving test submission file...
Best validation MAE so far: 0.4364781379699707
=====Epoch 1
Training...
Evaluating...
#summary: 0.1802 0.1485 6.00e-04
Saving checkpoint...
Saving test submission file...
Best validation MAE so far: 0.14846692979335785
=====Epoch 2
Training...
Evaluating...
#summary: 0.1384 0.1405 1.20e-03
Saving checkpoint...
Saving test submission file...
Best validation MAE so far: 0.1405048817396164
=====Epoch 3
Training...
Evaluating...
#summary: 0.1312 0.1373 1.80e-03
Saving checkpoint...
Saving test submission file...
Best validation MAE so far: 0.13729794323444366
=====Epoch 4
Training...
Evaluating...
#summary: 0.1330 0.1390 3.00e-03
Best validation MAE so far: 0.13729794323444366
=====Epoch 5
Training...
Evaluating...
#summary: 0.1257 0.1352 3.00e-03
Saving checkpoint...
Saving test submission file...
Best validation MAE so far: 0.13515514135360718
=====Epoch 6
Training...
Evaluating...
#summary: 0.1217 0.1325 3.00e-03
Saving checkpoint...
Saving test submission file...
Best validation MAE so far: 0.13253222405910492
=====Epoch 7
Training...
Evaluating...
#summary: 0.1194 0.1296 3.00e-03
Saving checkpoint...
Saving test submission file...
Best validation MAE so far: 0.12961217761039734
=====Epoch 8
Training...
Evaluating...
#summary: 0.1177 0.1255 3.00e-03
Saving checkpoint...
Saving test submission file...
Best validation MAE so far: 0.12554754316806793
=====Epoch 9
Training...
Evaluating...
#summary: 0.1165 0.1246 3.00e-03
Saving checkpoint...
Saving test submission file...
Best validation MAE so far: 0.12455376237630844
=====Epoch 10
Training...
Evaluating...
#summary: 0.1154 0.1252 3.00e-03
Best validation MAE so far: 0.12455376237630844
=====Epoch 11
Training...
Evaluating...
#summary: 0.1147 0.1241 3.00e-03
Saving checkpoint...
Saving test submission file...
Best validation MAE so far: 0.12408305704593658
=====Epoch 12
Training...
Evaluating...
#summary: 0.1140 0.1258 3.00e-03
Best validation MAE so far: 0.12408305704593658
=====Epoch 13
Training...
Evaluating...
#summary: 0.1133 0.1263 3.00e-03
Best validation MAE so far: 0.12408305704593658
=====Epoch 14
Training...
Evaluating...
#summary: 0.1128 0.1246 3.00e-03
Best validation MAE so far: 0.12408305704593658
=====Epoch 15
Training...
Evaluating...
#summary: 0.1124 0.1227 3.00e-03
Saving checkpoint...
Saving test submission file...
Best validation MAE so far: 0.12269571423530579
=====Epoch 16
Training...
Evaluating...
#summary: 0.1120 0.1209 3.00e-03
Saving checkpoint...
Saving test submission file...
Best validation MAE so far: 0.1209498941898346
=====Epoch 17
Training...
Evaluating...
#summary: 0.1116 0.1203 3.00e-03
Saving checkpoint...
Saving test submission file...
Best validation MAE so far: 0.12031605839729309
=====Epoch 18
Training...
Evaluating...
#summary: 0.1112 0.1239 3.00e-03
Best validation MAE so far: 0.12031605839729309
=====Epoch 19
Training...
Evaluating...
#summary: 0.1109 0.1211 3.00e-03
Best validation MAE so far: 0.12031605839729309
=====Epoch 20
Training...
Evaluating...
#summary: 0.1107 0.1222 3.00e-03
Best validation MAE so far: 0.12031605839729309
=====Epoch 21
Training...
Evaluating...
#summary: 0.1095 0.1188 2.86e-03
Saving checkpoint...
Saving test submission file...
Best validation MAE so far: 0.11878221482038498
=====Epoch 22
Training...
Evaluating...
#summary: 0.1084 0.1171 2.74e-03
Saving checkpoint...
Saving test submission file...
Best validation MAE so far: 0.11712708324193954
=====Epoch 23
Training...
Evaluating...
#summary: 0.1075 0.1157 2.61e-03
Saving checkpoint...
Saving test submission file...
Best validation MAE so far: 0.11565202474594116
=====Epoch 24
Training...
Evaluating...
#summary: 0.1066 0.1158 2.50e-03
Best validation MAE so far: 0.11565202474594116
=====Epoch 25
Training...
Evaluating...
#summary: 0.1055 0.1138 2.38e-03
Saving checkpoint...
Saving test submission file...
Best validation MAE so far: 0.11377005279064178
=====Epoch 26
Training...
Evaluating...
#summary: 0.1046 0.1140 2.28e-03
Best validation MAE so far: 0.11377005279064178
=====Epoch 27
Training...
Evaluating...
#summary: 0.1037 0.1129 2.17e-03
Saving checkpoint...
Saving test submission file...
Best validation MAE so far: 0.11294974386692047
=====Epoch 28
Training...
Evaluating...
#summary: 0.1028 0.1108 2.08e-03
Saving checkpoint...
Saving test submission file...
Best validation MAE so far: 0.11076436191797256
=====Epoch 29
Training...
Evaluating...
#summary: 0.1019 0.1110 1.98e-03
Best validation MAE so far: 0.11076436191797256
=====Epoch 30
Training...
Evaluating...
#summary: 0.1011 0.1092 1.89e-03
Saving checkpoint...
Saving test submission file...
Best validation MAE so far: 0.10917210578918457
=====Epoch 31
Training...
Evaluating...
#summary: 0.1003 0.1098 1.81e-03
Best validation MAE so far: 0.10917210578918457
=====Epoch 32
Training...
Evaluating...
#summary: 0.0995 0.1082 1.73e-03
Saving checkpoint...
Saving test submission file...
Best validation MAE so far: 0.10823940485715866
=====Epoch 33
Training...
Evaluating...
#summary: 0.0988 0.1121 1.65e-03
Best validation MAE so far: 0.10823940485715866
=====Epoch 34
Training...
Evaluating...
#summary: 0.0981 0.1063 1.57e-03
Saving checkpoint...
Saving test submission file...
Best validation MAE so far: 0.10633552819490433
=====Epoch 35
Training...
Evaluating...
#summary: 0.0972 0.1078 1.50e-03
Best validation MAE so far: 0.10633552819490433
=====Epoch 36
Training...
Evaluating...
#summary: 0.0966 0.1072 1.44e-03
Best validation MAE so far: 0.10633552819490433
=====Epoch 37
Training...
Evaluating...
#summary: 0.0958 0.1047 1.37e-03
Saving checkpoint...
Saving test submission file...
Best validation MAE so far: 0.10466686636209488
=====Epoch 38
Training...
Evaluating...
#summary: 0.0952 0.1059 1.31e-03
Best validation MAE so far: 0.10466686636209488
=====Epoch 39
Training...
Evaluating...
#summary: 0.0944 0.1036 1.25e-03
Saving checkpoint...
Saving test submission file...
Best validation MAE so far: 0.10360779613256454
=====Epoch 40
Training...
Evaluating...
#summary: 0.0937 0.1021 1.19e-03
Saving checkpoint...
Saving test submission file...
Best validation MAE so far: 0.10205651819705963
=====Epoch 41
Training...
Evaluating...
#summary: 0.0930 0.1026 1.14e-03
Best validation MAE so far: 0.10205651819705963
=====Epoch 42
Training...
Evaluating...
#summary: 0.0923 0.1024 1.09e-03
Best validation MAE so far: 0.10205651819705963
=====Epoch 43
Training...
Evaluating...
#summary: 0.0916 0.1017 1.04e-03
Saving checkpoint...
Saving test submission file...
Best validation MAE so far: 0.10169138759374619
=====Epoch 44
Training...
Evaluating...
#summary: 0.0910 0.1009 9.93e-04
Saving checkpoint...
Saving test submission file...
Best validation MAE so far: 0.10091473162174225
=====Epoch 45
Training...
Evaluating...
#summary: 0.0902 0.1009 9.49e-04
Saving checkpoint...
Saving test submission file...
Best validation MAE so far: 0.10091334581375122
=====Epoch 46
Training...
Evaluating...
#summary: 0.0896 0.1001 9.06e-04
Saving checkpoint...
Saving test submission file...
Best validation MAE so far: 0.1001039668917656
=====Epoch 47
Training...
Evaluating...
#summary: 0.0891 0.0996 8.65e-04
Saving checkpoint...
Saving test submission file...
Best validation MAE so far: 0.09962859004735947
=====Epoch 48
Training...
Evaluating...
#summary: 0.0884 0.0993 8.26e-04
Saving checkpoint...
Saving test submission file...
Best validation MAE so far: 0.09933925420045853
=====Epoch 49
Training...
Evaluating...
#summary: 0.0877 0.0997 7.89e-04
Best validation MAE so far: 0.09933925420045853
=====Epoch 50
Training...
Evaluating...
#summary: 0.0872 0.0979 7.54e-04
Saving checkpoint...
Saving test submission file...
Best validation MAE so far: 0.09785725921392441
=====Epoch 51
Training...
Evaluating...
#summary: 0.0865 0.0978 7.20e-04
Saving checkpoint...
Saving test submission file...
Best validation MAE so far: 0.09778981655836105
=====Epoch 52
Training...
Evaluating...
#summary: 0.0859 0.0977 6.87e-04
Saving checkpoint...
Saving test submission file...
Best validation MAE so far: 0.0977354347705841
=====Epoch 53
Training...
Evaluating...
#summary: 0.0853 0.0970 6.56e-04
Saving checkpoint...
Saving test submission file...
Best validation MAE so far: 0.0969780907034874
=====Epoch 54
Training...
Evaluating...
#summary: 0.0847 0.0979 6.27e-04
Best validation MAE so far: 0.0969780907034874
=====Epoch 55
Training...
Evaluating...
#summary: 0.0841 0.0956 5.99e-04
Saving checkpoint...
Saving test submission file...
Best validation MAE so far: 0.09557361900806427
=====Epoch 56
Training...
Evaluating...
#summary: 0.0835 0.0961 5.72e-04
Best validation MAE so far: 0.09557361900806427
=====Epoch 57
Training...
Evaluating...
#summary: 0.0829 0.0954 5.46e-04
Saving checkpoint...
Saving test submission file...
Best validation MAE so far: 0.09543118625879288
=====Epoch 58
Training...
Evaluating...
#summary: 0.0823 0.0954 5.21e-04
Saving checkpoint...
Saving test submission file...
Best validation MAE so far: 0.09540985524654388
=====Epoch 59
Training...
Evaluating...
#summary: 0.0818 0.0953 4.98e-04
Saving checkpoint...
Saving test submission file...
Best validation MAE so far: 0.09533338993787766
=====Epoch 60
Training...
Evaluating...
#summary: 0.0812 0.0942 4.75e-04
Saving checkpoint...
Saving test submission file...
Best validation MAE so far: 0.09420372545719147
=====Epoch 61
Training...
Evaluating...
#summary: 0.0806 0.0942 4.54e-04
Saving checkpoint...
Saving test submission file...
Best validation MAE so far: 0.09415391832590103
=====Epoch 62
Training...
Evaluating...
#summary: 0.0800 0.0936 4.34e-04
Saving checkpoint...
Saving test submission file...
Best validation MAE so far: 0.09356623142957687
=====Epoch 63
Training...
Evaluating...
#summary: 0.0795 0.0935 4.14e-04
Saving checkpoint...
Saving test submission file...
Best validation MAE so far: 0.09349748492240906
=====Epoch 64
Training...
Evaluating...
#summary: 0.0789 0.0941 3.95e-04
Best validation MAE so far: 0.09349748492240906
=====Epoch 65
Training...
Evaluating...
#summary: 0.0783 0.0932 3.78e-04
Saving checkpoint...
Saving test submission file...
Best validation MAE so far: 0.09321253001689911
=====Epoch 66
Training...
Evaluating...
#summary: 0.0778 0.0932 3.61e-04
Saving checkpoint...
Saving test submission file...
Best validation MAE so far: 0.0932047888636589
=====Epoch 67
Training...
Evaluating...
#summary: 0.0772 0.0932 3.44e-04
Saving checkpoint...
Saving test submission file...
Best validation MAE so far: 0.09319420158863068
=====Epoch 68
Training...
Evaluating...
#summary: 0.0767 0.0923 3.29e-04
Saving checkpoint...
Saving test submission file...
Best validation MAE so far: 0.09233985096216202
=====Epoch 69
Training...
Evaluating...
#summary: 0.0761 0.0920 3.14e-04
Saving checkpoint...
Saving test submission file...
Best validation MAE so far: 0.09203068166971207
=====Epoch 70
Training...
Evaluating...
#summary: 0.0756 0.0925 3.00e-04
Best validation MAE so far: 0.09203068166971207
=====Epoch 71
Training...
Evaluating...
#summary: 0.0751 0.0926 2.86e-04
Best validation MAE so far: 0.09203068166971207
=====Epoch 72
Training...
Evaluating...
#summary: 0.0745 0.0917 2.74e-04
Saving checkpoint...
Saving test submission file...
Best validation MAE so far: 0.09172360599040985
=====Epoch 73
Training...
Evaluating...
#summary: 0.0740 0.0917 2.61e-04
Saving checkpoint...
Saving test submission file...
Best validation MAE so far: 0.09169712662696838
=====Epoch 74
Training...
Evaluating...
#summary: 0.0735 0.0915 2.50e-04
Saving checkpoint...
Saving test submission file...
Best validation MAE so far: 0.09154445677995682
=====Epoch 75
Training...
Evaluating...
#summary: 0.0730 0.0917 2.38e-04
Best validation MAE so far: 0.09154445677995682
=====Epoch 76
Training...
Evaluating...
#summary: 0.0724 0.0914 2.28e-04
Saving checkpoint...
Saving test submission file...
Best validation MAE so far: 0.09141454100608826
=====Epoch 77
Training...
Evaluating...
#summary: 0.0719 0.0909 2.17e-04
Saving checkpoint...
Saving test submission file...
Best validation MAE so far: 0.09093842655420303
=====Epoch 78
Training...
Evaluating...
#summary: 0.0714 0.0915 2.08e-04
Best validation MAE so far: 0.09093842655420303
=====Epoch 79
Training...
Evaluating...
#summary: 0.0709 0.0909 1.98e-04
Saving checkpoint...
Saving test submission file...
Best validation MAE so far: 0.09090214967727661
=====Epoch 80
Training...
Evaluating...
#summary: 0.0704 0.0913 1.89e-04
Best validation MAE so far: 0.09090214967727661
=====Epoch 81
Training...
Evaluating...
#summary: 0.0699 0.0916 1.81e-04
Best validation MAE so far: 0.09090214967727661
=====Epoch 82
Training...
Evaluating...
#summary: 0.0694 0.0911 1.73e-04
Best validation MAE so far: 0.09090214967727661
=====Epoch 83
Training...
Evaluating...
#summary: 0.0689 0.0912 1.65e-04
Best validation MAE so far: 0.09090214967727661
=====Epoch 84
Training...
Evaluating...
#summary: 0.0684 0.0903 1.57e-04
Saving checkpoint...
Saving test submission file...
Best validation MAE so far: 0.0902569517493248
=====Epoch 85
Training...
Evaluating...
#summary: 0.0679 0.0907 1.50e-04
Best validation MAE so far: 0.0902569517493248
=====Epoch 86
Training...
Evaluating...
#summary: 0.0674 0.0910 1.44e-04
Best validation MAE so far: 0.0902569517493248
=====Epoch 87
Training...
Evaluating...
#summary: 0.0670 0.0904 1.37e-04
Best validation MAE so far: 0.0902569517493248
=====Epoch 88
Training...
Evaluating...
#summary: 0.0665 0.0907 1.31e-04
Best validation MAE so far: 0.0902569517493248
=====Epoch 89
Training...
Evaluating...
#summary: 0.0660 0.0906 1.25e-04
Best validation MAE so far: 0.0902569517493248
=====Epoch 90
Training...
Evaluating...
#summary: 0.0656 0.0905 1.19e-04
Best validation MAE so far: 0.0902569517493248
=====Epoch 91
Training...
Evaluating...
#summary: 0.0651 0.0903 1.14e-04
Best validation MAE so far: 0.0902569517493248
=====Epoch 92
Training...
Evaluating...
#summary: 0.0647 0.0903 1.09e-04
Best validation MAE so far: 0.0902569517493248
=====Epoch 93
Training...
Evaluating...
#summary: 0.0642 0.0908 1.04e-04
Best validation MAE so far: 0.0902569517493248
=====Epoch 94
Training...
Evaluating...
#summary: 0.0638 0.0903 9.93e-05
Best validation MAE so far: 0.0902569517493248
=====Epoch 95
Training...
Evaluating...
#summary: 0.0633 0.0903 9.49e-05
Best validation MAE so far: 0.0902569517493248
=====Epoch 96
Training...
Evaluating...
#summary: 0.0629 0.0905 9.06e-05
Best validation MAE so far: 0.0902569517493248
=====Epoch 97
Training...
Evaluating...
#summary: 0.0625 0.0905 8.65e-05
Best validation MAE so far: 0.0902569517493248
=====Epoch 98
Training...
Evaluating...
#summary: 0.0621 0.0903 8.26e-05
Best validation MAE so far: 0.0902569517493248
=====Epoch 99
Training...
Evaluating...
#summary: 0.0617 0.0906 7.89e-05
Best validation MAE so far: 0.0902569517493248
=====Epoch 100
Training...
Evaluating...
#summary: 0.0613 0.0905 7.54e-05
Best validation MAE so far: 0.0902569517493248
=====Epoch 101
Training...
Evaluating...
#summary: 0.0609 0.0905 7.20e-05
Best validation MAE so far: 0.0902569517493248
=====Epoch 102
Training...
Evaluating...
#summary: 0.0605 0.0905 6.87e-05
Best validation MAE so far: 0.0902569517493248
=====Epoch 103
Training...
Evaluating...
#summary: 0.0601 0.0902 6.56e-05
Saving checkpoint...
Saving test submission file...
Best validation MAE so far: 0.0902199074625969
=====Epoch 104
Training...
Evaluating...
#summary: 0.0597 0.0904 6.27e-05
Best validation MAE so far: 0.0902199074625969
=====Epoch 105
Training...
Evaluating...
#summary: 0.0594 0.0901 5.99e-05
Saving checkpoint...
Saving test submission file...
Best validation MAE so far: 0.09006346762180328
=====Epoch 106
Training...
Evaluating...
#summary: 0.0590 0.0904 5.72e-05
Best validation MAE so far: 0.09006346762180328
=====Epoch 107
Training...
Evaluating...
#summary: 0.0587 0.0904 5.46e-05
Best validation MAE so far: 0.09006346762180328
=====Epoch 108
Training...
Evaluating...
#summary: 0.0583 0.0905 5.21e-05
Best validation MAE so far: 0.09006346762180328
=====Epoch 109
Training...
Evaluating...
#summary: 0.0579 0.0905 4.98e-05
Best validation MAE so far: 0.09006346762180328
=====Epoch 110
Training...
Evaluating...
#summary: 0.0576 0.0907 4.75e-05
Best validation MAE so far: 0.09006346762180328
=====Epoch 111
Training...
Evaluating...
#summary: 0.0573 0.0907 4.54e-05
Best validation MAE so far: 0.09006346762180328
=====Epoch 112
Training...
Evaluating...
#summary: 0.0570 0.0904 4.34e-05
Best validation MAE so far: 0.09006346762180328
=====Epoch 113
Training...
Evaluating...
#summary: 0.0567 0.0905 4.14e-05
Best validation MAE so far: 0.09006346762180328
=====Epoch 114
Training...
Evaluating...
#summary: 0.0563 0.0907 3.95e-05
Best validation MAE so far: 0.09006346762180328
=====Epoch 115
Training...
Evaluating...
#summary: 0.0560 0.0908 3.78e-05
Best validation MAE so far: 0.09006346762180328
=====Epoch 116
Training...
Evaluating...
#summary: 0.0557 0.0908 3.61e-05
Best validation MAE so far: 0.09006346762180328
=====Epoch 117
Training...
Evaluating...
#summary: 0.0554 0.0907 3.44e-05
Best validation MAE so far: 0.09006346762180328
=====Epoch 118
Training...
Evaluating...
#summary: 0.0552 0.0908 3.29e-05
Best validation MAE so far: 0.09006346762180328
=====Epoch 119
Training...
Evaluating...
#summary: 0.0549 0.0909 3.14e-05
Best validation MAE so far: 0.09006346762180328
=====Epoch 120
Training...
Evaluating...
#summary: 0.0546 0.0909 3.00e-05
Best validation MAE so far: 0.09006346762180328
=====Epoch 121
Training...
Evaluating...
#summary: 0.0543 0.0910 2.86e-05
Best validation MAE so far: 0.09006346762180328
=====Epoch 122
Training...
Evaluating...
#summary: 0.0541 0.0909 2.74e-05
Best validation MAE so far: 0.09006346762180328
=====Epoch 123
Training...
Evaluating...
#summary: 0.0538 0.0909 2.61e-05
Best validation MAE so far: 0.09006346762180328
=====Epoch 124
Training...
Evaluating...
#summary: 0.0536 0.0911 2.50e-05
Best validation MAE so far: 0.09006346762180328
=====Epoch 125
Training...
